Using pre-set license
Built from '2020.3/release' branch; Version is '2020.3.1f1 (77a89f25062f) revision 7841951'; Using compiler version '192528614'; Build Type 'Release'
OS: 'Windows 10 Pro; OS build 19042.928; Version 2009; 64bit' Language: 'en' Physical Memory: 16331 MB
BatchMode: 1, IsHumanControllingUs: 0, StartBugReporterOnCrash: 0, Is64bit: 1, IsPro: 0

 COMMAND LINE ARGUMENTS:
C:\Program Files\Unity\Hub\Editor\2020.3.1f1\Editor\Unity.exe
-adb2
-batchMode
-noUpm
-name
AssetImportWorker0
-projectPath
C:/Users/jirik/Documents/GitHub/cis380-unity-game/Final Project
-logFile
Logs/AssetImportWorker0.log
-srvPort
18965
Successfully changed project path to: C:/Users/jirik/Documents/GitHub/cis380-unity-game/Final Project
C:/Users/jirik/Documents/GitHub/cis380-unity-game/Final Project
Using Asset Import Pipeline V2.
Refreshing native plugins compatible for Editor in 52.76 ms, found 1 plugins.
Preloading 0 native plugins for Editor in 0.00 ms.
Initialize engine version: 2020.3.1f1 (77a89f25062f)
[Subsystems] Discovering subsystems at path C:/Program Files/Unity/Hub/Editor/2020.3.1f1/Editor/Data/Resources/UnitySubsystems
[Subsystems] Discovering subsystems at path C:/Users/jirik/Documents/GitHub/cis380-unity-game/Final Project/Assets
GfxDevice: creating device client; threaded=0
Direct3D:
    Version:  Direct3D 11.0 [level 11.1]
    Renderer: AMD Radeon RX 5700 XT (ID=0x731f)
    Vendor:   
    VRAM:     8152 MB
    Driver:   27.20.14540.3
Initialize mono
Mono path[0] = 'C:/Program Files/Unity/Hub/Editor/2020.3.1f1/Editor/Data/Managed'
Mono path[1] = 'C:/Program Files/Unity/Hub/Editor/2020.3.1f1/Editor/Data/MonoBleedingEdge/lib/mono/unityjit'
Mono config path = 'C:/Program Files/Unity/Hub/Editor/2020.3.1f1/Editor/Data/MonoBleedingEdge/etc'
Using monoOptions --debugger-agent=transport=dt_socket,embedding=1,server=y,suspend=n,address=127.0.0.1:56876
Begin MonoManager ReloadAssembly
Registering precompiled unity dll's ...
Register platform support module: C:/Program Files/Unity/Hub/Editor/2020.3.1f1/Editor/Data/PlaybackEngines/WebGLSupport/UnityEditor.WebGL.Extensions.dll
Register platform support module: C:/Program Files/Unity/Hub/Editor/2020.3.1f1/Editor/Data/PlaybackEngines/WindowsStandaloneSupport/UnityEditor.WindowsStandalone.Extensions.dll
Registered in 0.003175 seconds.
Native extension for WindowsStandalone target not found
Native extension for WebGL target not found
Refreshing native plugins compatible for Editor in 52.55 ms, found 1 plugins.
Preloading 0 native plugins for Editor in 0.00 ms.
Invoked RoslynAnalysisRunner static constructor.
RoslynAnalysisRunner will not be running.
RoslynAnalysisRunner has terminated.
Mono: successfully reloaded assembly
- Completed reload, in  2.519 seconds
Platform modules already initialized, skipping
Registering precompiled user dll's ...
Registered in 0.001843 seconds.
Begin MonoManager ReloadAssembly
Native extension for WindowsStandalone target not found
Native extension for WebGL target not found
Refreshing native plugins compatible for Editor in 52.29 ms, found 1 plugins.
Preloading 0 native plugins for Editor in 0.00 ms.
Invoked RoslynAnalysisRunner static constructor.
RoslynAnalysisRunner will not be running.
RoslynAnalysisRunner has terminated.
Mono: successfully reloaded assembly
- Completed reload, in  1.203 seconds
Platform modules already initialized, skipping
========================================================================
Worker process is ready to serve import requests
Launched and connected shader compiler UnityShaderCompiler.exe after 0.07 seconds
Refreshing native plugins compatible for Editor in 0.45 ms, found 1 plugins.
Preloading 0 native plugins for Editor in 0.00 ms.
Unloading 2103 Unused Serialized files (Serialized files now loaded: 0)
System memory in use before: 95.6 MB.
System memory in use after: 95.7 MB.

Unloading 21 unused Assets to reduce memory usage. Loaded Objects now: 2552.
Total: 2.666500 ms (FindLiveObjects: 0.344000 ms CreateObjectMapping: 0.071900 ms MarkObjects: 2.160300 ms  DeleteObjects: 0.087900 ms)

========================================================================
Received Import Request.
  path: Assets/Warped Caves/Artwork/Sprites/enemies/Jumper.prefab
  artifactKey: Guid(964afe0c98024144e96fa1e90449d98c) Importer(815301076,1909f56bfc062723c751e8b465ee728b)
Start importing Assets/Warped Caves/Artwork/Sprites/enemies/Jumper.prefab using Guid(964afe0c98024144e96fa1e90449d98c) Importer(815301076,1909f56bfc062723c751e8b465ee728b)  -> (artifact id: '40c9d50649c893f097f407010530cb36') in 0.153676 seconds
  Import took 0.157944 seconds .

========================================================================
Received Import Request.
  Time since last request: 0.000452 seconds.
  path: Assets/Warped Caves/Artwork/Sprites/Fx/power-up/power-up-7.png
  artifactKey: Guid(34d9bbfbb5f6f4019a2dcca124369c08) Importer(815301076,1909f56bfc062723c751e8b465ee728b)
Start importing Assets/Warped Caves/Artwork/Sprites/Fx/power-up/power-up-7.png using Guid(34d9bbfbb5f6f4019a2dcca124369c08) Importer(815301076,1909f56bfc062723c751e8b465ee728b)  -> (artifact id: '0dd7988df809066a4a2b9aef22d0b01a') in 0.095112 seconds
  Import took 0.099600 seconds .

========================================================================
Received Import Request.
  Time since last request: 0.000301 seconds.
  path: Assets/Warped Caves/Artwork/Sprites/enemies/SpaceBoss.prefab
  artifactKey: Guid(633ead8bb996ad349a5f637f38c68d4b) Importer(815301076,1909f56bfc062723c751e8b465ee728b)
Start importing Assets/Warped Caves/Artwork/Sprites/enemies/SpaceBoss.prefab using Guid(633ead8bb996ad349a5f637f38c68d4b) Importer(815301076,1909f56bfc062723c751e8b465ee728b)  -> (artifact id: '7d48f8a04dc7051ebf733d5ae1e128d9') in 0.046415 seconds
  Import took 0.050798 seconds .

========================================================================
Received Import Request.
  Time since last request: 0.000284 seconds.
  path: Assets/Warped Caves/Artwork/Sprites/Fx/power-up/power-up-4.png
  artifactKey: Guid(df218483504e844ddbb716416115df8d) Importer(815301076,1909f56bfc062723c751e8b465ee728b)
Start importing Assets/Warped Caves/Artwork/Sprites/Fx/power-up/power-up-4.png using Guid(df218483504e844ddbb716416115df8d) Importer(815301076,1909f56bfc062723c751e8b465ee728b)  -> (artifact id: 'a87cb2a4f74a78160ed6202839884edb') in 0.062300 seconds
  Import took 0.066632 seconds .

========================================================================
Received Import Request.
  Time since last request: 0.000293 seconds.
  path: Assets/Warped Caves/Artwork/Sprites/Fx/power-up/power-up-5.png
  artifactKey: Guid(ff0f00d62296b4ccd897f34343a2396e) Importer(815301076,1909f56bfc062723c751e8b465ee728b)
Start importing Assets/Warped Caves/Artwork/Sprites/Fx/power-up/power-up-5.png using Guid(ff0f00d62296b4ccd897f34343a2396e) Importer(815301076,1909f56bfc062723c751e8b465ee728b)  -> (artifact id: '6e9c9a92acdd4f40717a11ec5842d880') in 0.048457 seconds
  Import took 0.052311 seconds .

========================================================================
Received Import Request.
  Time since last request: 0.000256 seconds.
  path: Assets/Warped Caves/Artwork/Sprites/Fx/power-up/power-up-2.png
  artifactKey: Guid(a8a7141849b504fdf918e543db616a5d) Importer(815301076,1909f56bfc062723c751e8b465ee728b)
Start importing Assets/Warped Caves/Artwork/Sprites/Fx/power-up/power-up-2.png using Guid(a8a7141849b504fdf918e543db616a5d) Importer(815301076,1909f56bfc062723c751e8b465ee728b)  -> (artifact id: '17fb88f4dc6bfb666e2b1e2ec4a06202') in 0.049414 seconds
  Import took 0.052836 seconds .

========================================================================
Received Import Request.
  Time since last request: 0.000232 seconds.
  path: Assets/Warped Caves/Artwork/Sprites/Fx/power-up/power-up-3.png
  artifactKey: Guid(b03dabad999f440ab90c1ec5656b17c3) Importer(815301076,1909f56bfc062723c751e8b465ee728b)
Start importing Assets/Warped Caves/Artwork/Sprites/Fx/power-up/power-up-3.png using Guid(b03dabad999f440ab90c1ec5656b17c3) Importer(815301076,1909f56bfc062723c751e8b465ee728b)  -> (artifact id: '4f1cc80c734b6b22a2bf099713874f9c') in 0.044946 seconds
  Import took 0.049090 seconds .

========================================================================
Received Import Request.
  Time since last request: 0.000262 seconds.
  path: Assets/Warped Caves/Artwork/Sprites/enemies/Crab.prefab
  artifactKey: Guid(df192377bea40254397f3c85e788bdb1) Importer(815301076,1909f56bfc062723c751e8b465ee728b)
Start importing Assets/Warped Caves/Artwork/Sprites/enemies/Crab.prefab using Guid(df192377bea40254397f3c85e788bdb1) Importer(815301076,1909f56bfc062723c751e8b465ee728b)  -> (artifact id: 'bb30683e6fd57478ac84f21b87b6c119') in 0.048051 seconds
  Import took 0.051809 seconds .

========================================================================
Received Import Request.
  Time since last request: 0.000271 seconds.
  path: Assets/Warped Caves/Artwork/Sprites/enemies/Octopus.prefab
  artifactKey: Guid(dce1a54487bb93d43aa406e107302b00) Importer(815301076,1909f56bfc062723c751e8b465ee728b)
Start importing Assets/Warped Caves/Artwork/Sprites/enemies/Octopus.prefab using Guid(dce1a54487bb93d43aa406e107302b00) Importer(815301076,1909f56bfc062723c751e8b465ee728b)  -> (artifact id: '2c417040e644d44838dd2abefe1a113f') in 0.045105 seconds
  Import took 0.048919 seconds .

========================================================================
Received Import Request.
  Time since last request: 0.000228 seconds.
  path: Assets/Warped Caves/Artwork/Sprites/Fx/power-up/power-up-1.png
  artifactKey: Guid(705e2bfad7c17404cbdbbb5f70800c62) Importer(815301076,1909f56bfc062723c751e8b465ee728b)
Start importing Assets/Warped Caves/Artwork/Sprites/Fx/power-up/power-up-1.png using Guid(705e2bfad7c17404cbdbbb5f70800c62) Importer(815301076,1909f56bfc062723c751e8b465ee728b)  -> (artifact id: '0b6a34c719e64380cf25f0be507ab0e3') in 0.047108 seconds
  Import took 0.050645 seconds .

========================================================================
Received Import Request.
  Time since last request: 0.000238 seconds.
  path: Assets/Warped Caves/Artwork/Sprites/Fx/power-up/power-up-6.png
  artifactKey: Guid(41a183b49e26d4c40a29deca2813de1d) Importer(815301076,1909f56bfc062723c751e8b465ee728b)
Start importing Assets/Warped Caves/Artwork/Sprites/Fx/power-up/power-up-6.png using Guid(41a183b49e26d4c40a29deca2813de1d) Importer(815301076,1909f56bfc062723c751e8b465ee728b)  -> (artifact id: 'f77c377316e8c3d3b01951ee72f0a157') in 0.045947 seconds
  Import took 0.050008 seconds .

========================================================================
Received Import Request.
  Time since last request: 30.199089 seconds.
  path: Assets/Warped Caves/Artwork/Sprites/Fx/impact/impact-1.png
  artifactKey: Guid(e7bc1a619076947c3b3bb3d4a577127e) Importer(815301076,1909f56bfc062723c751e8b465ee728b)
Start importing Assets/Warped Caves/Artwork/Sprites/Fx/impact/impact-1.png using Guid(e7bc1a619076947c3b3bb3d4a577127e) Importer(815301076,1909f56bfc062723c751e8b465ee728b)  -> (artifact id: 'de44355c64d8ef41aeda7bc0faad36f8') in 0.011737 seconds
  Import took 0.015903 seconds .

========================================================================
Received Import Request.
  Time since last request: 0.000210 seconds.
  path: Assets/Warped Caves/Artwork/Sprites/Fx/impact/impact-2.png
  artifactKey: Guid(1672b2f641e214522a3f4685e179a787) Importer(815301076,1909f56bfc062723c751e8b465ee728b)
Start importing Assets/Warped Caves/Artwork/Sprites/Fx/impact/impact-2.png using Guid(1672b2f641e214522a3f4685e179a787) Importer(815301076,1909f56bfc062723c751e8b465ee728b)  -> (artifact id: '895632655d87c9dc403a172826fdfacf') in 0.013520 seconds
  Import took 0.017522 seconds .

========================================================================
Received Import Request.
  Time since last request: 0.000263 seconds.
  path: Assets/Warped Caves/Artwork/Sprites/Fx/impact/impact-4.png
  artifactKey: Guid(2b335573df80049ccb85e3ce21e9706e) Importer(815301076,1909f56bfc062723c751e8b465ee728b)
Start importing Assets/Warped Caves/Artwork/Sprites/Fx/impact/impact-4.png using Guid(2b335573df80049ccb85e3ce21e9706e) Importer(815301076,1909f56bfc062723c751e8b465ee728b)  -> (artifact id: 'ffefdd0642b0d0355155cbaeedbecc2e') in 0.012100 seconds
  Import took 0.015861 seconds .

========================================================================
Received Import Request.
  Time since last request: 0.000240 seconds.
  path: Assets/Warped Caves/Artwork/Sprites/Fx/impact/impact-3.png
  artifactKey: Guid(1cafae377352e4777bf22d10ddbf1be0) Importer(815301076,1909f56bfc062723c751e8b465ee728b)
Start importing Assets/Warped Caves/Artwork/Sprites/Fx/impact/impact-3.png using Guid(1cafae377352e4777bf22d10ddbf1be0) Importer(815301076,1909f56bfc062723c751e8b465ee728b)  -> (artifact id: '9e950e7008cec4457dde0e74dbe95cbc') in 0.011040 seconds
  Import took 0.015112 seconds .

========================================================================
Received Import Request.
  Time since last request: 0.477986 seconds.
  path: Assets/Warped Caves/Artwork/Sprites/Fx/enemy-death/enemy-death-1.png
  artifactKey: Guid(844343837d99f4d15a6c8c2474e89b5b) Importer(815301076,1909f56bfc062723c751e8b465ee728b)
Start importing Assets/Warped Caves/Artwork/Sprites/Fx/enemy-death/enemy-death-1.png using Guid(844343837d99f4d15a6c8c2474e89b5b) Importer(815301076,1909f56bfc062723c751e8b465ee728b)  -> (artifact id: '5d6adbac92d7d75d64420a3d41156382') in 0.013954 seconds
  Import took 0.017835 seconds .

========================================================================
Received Import Request.
  Time since last request: 0.000271 seconds.
  path: Assets/Warped Caves/Artwork/Sprites/Fx/enemy-death/enemy-death-5.png
  artifactKey: Guid(8db00defd6ecd400f87bab3ee5ca1294) Importer(815301076,1909f56bfc062723c751e8b465ee728b)
Start importing Assets/Warped Caves/Artwork/Sprites/Fx/enemy-death/enemy-death-5.png using Guid(8db00defd6ecd400f87bab3ee5ca1294) Importer(815301076,1909f56bfc062723c751e8b465ee728b)  -> (artifact id: '9f8236c91de88a9c9219e0f637f96b4e') in 0.013475 seconds
  Import took 0.017593 seconds .

========================================================================
Received Import Request.
  Time since last request: 0.000345 seconds.
  path: Assets/Warped Caves/Artwork/Sprites/Fx/enemy-death/enemy-death-3.png
  artifactKey: Guid(a8c868134c2fd4c9cb9570398ae1dd1b) Importer(815301076,1909f56bfc062723c751e8b465ee728b)
Start importing Assets/Warped Caves/Artwork/Sprites/Fx/enemy-death/enemy-death-3.png using Guid(a8c868134c2fd4c9cb9570398ae1dd1b) Importer(815301076,1909f56bfc062723c751e8b465ee728b)  -> (artifact id: 'f6c9bca6617a3b2dc6369369f6c7e426') in 0.011196 seconds
  Import took 0.016211 seconds .

========================================================================
Received Import Request.
  Time since last request: 0.000278 seconds.
  path: Assets/Warped Caves/Artwork/Sprites/Fx/enemy-death/enemy-death-2.png
  artifactKey: Guid(9d80066c44a244e11b4bcee1af3060bd) Importer(815301076,1909f56bfc062723c751e8b465ee728b)
Start importing Assets/Warped Caves/Artwork/Sprites/Fx/enemy-death/enemy-death-2.png using Guid(9d80066c44a244e11b4bcee1af3060bd) Importer(815301076,1909f56bfc062723c751e8b465ee728b)  -> (artifact id: '34807eabd61f16fc197d6fe3e7a5135e') in 0.012412 seconds
  Import took 0.017290 seconds .

========================================================================
Received Import Request.
  Time since last request: 0.000247 seconds.
  path: Assets/Warped Caves/Artwork/Sprites/Fx/enemy-death/enemy-death-4.png
  artifactKey: Guid(c63f5401fba1e49b7be21669f365e8e4) Importer(815301076,1909f56bfc062723c751e8b465ee728b)
Start importing Assets/Warped Caves/Artwork/Sprites/Fx/enemy-death/enemy-death-4.png using Guid(c63f5401fba1e49b7be21669f365e8e4) Importer(815301076,1909f56bfc062723c751e8b465ee728b)  -> (artifact id: '57c6e5eb9987dac9cc1181d172482859') in 0.015407 seconds
  Import took 0.019783 seconds .

========================================================================
Received Prepare
Registering precompiled user dll's ...
Registered in 0.001967 seconds.
Begin MonoManager ReloadAssembly
Native extension for WindowsStandalone target not found
Native extension for WebGL target not found
Refreshing native plugins compatible for Editor in 0.48 ms, found 1 plugins.
Preloading 0 native plugins for Editor in 0.00 ms.
Invoked RoslynAnalysisRunner static constructor.
RoslynAnalysisRunner will not be running.
RoslynAnalysisRunner has terminated.
Mono: successfully reloaded assembly
- Completed reload, in  1.017 seconds
Platform modules already initialized, skipping
Refreshing native plugins compatible for Editor in 0.58 ms, found 1 plugins.
Preloading 0 native plugins for Editor in 0.00 ms.
Unloading 2088 Unused Serialized files (Serialized files now loaded: 0)
System memory in use before: 97.8 MB.
System memory in use after: 97.9 MB.

Unloading 9 unused Assets to reduce memory usage. Loaded Objects now: 2571.
Total: 2.195100 ms (FindLiveObjects: 0.226300 ms CreateObjectMapping: 0.052000 ms MarkObjects: 1.898100 ms  DeleteObjects: 0.017300 ms)

========================================================================
Received Prepare
Refreshing native plugins compatible for Editor in 2.51 ms, found 1 plugins.
Preloading 0 native plugins for Editor in 0.00 ms.
Unloading 6 Unused Serialized files (Serialized files now loaded: 0)
System memory in use before: 56.6 MB.
System memory in use after: 56.7 MB.

Unloading 6 unused Assets to reduce memory usage. Loaded Objects now: 2571.
Total: 2.486700 ms (FindLiveObjects: 0.541400 ms CreateObjectMapping: 0.054100 ms MarkObjects: 1.873300 ms  DeleteObjects: 0.016800 ms)

========================================================================
Received Prepare
Registering precompiled user dll's ...
Registered in 0.001859 seconds.
Begin MonoManager ReloadAssembly
Native extension for WindowsStandalone target not found
Native extension for WebGL target not found
Refreshing native plugins compatible for Editor in 0.62 ms, found 1 plugins.
Preloading 0 native plugins for Editor in 0.00 ms.
Invoked RoslynAnalysisRunner static constructor.
RoslynAnalysisRunner will not be running.
RoslynAnalysisRunner has terminated.
Mono: successfully reloaded assembly
- Completed reload, in  1.022 seconds
Platform modules already initialized, skipping
Refreshing native plugins compatible for Editor in 0.46 ms, found 1 plugins.
Preloading 0 native plugins for Editor in 0.00 ms.
Unloading 2088 Unused Serialized files (Serialized files now loaded: 0)
System memory in use before: 97.8 MB.
System memory in use after: 98.0 MB.

Unloading 9 unused Assets to reduce memory usage. Loaded Objects now: 2575.
Total: 2.270800 ms (FindLiveObjects: 0.251300 ms CreateObjectMapping: 0.053600 ms MarkObjects: 1.946200 ms  DeleteObjects: 0.018300 ms)

========================================================================
Received Prepare
Registering precompiled user dll's ...
Registered in 0.001998 seconds.
Begin MonoManager ReloadAssembly
Native extension for WindowsStandalone target not found
Native extension for WebGL target not found
Refreshing native plugins compatible for Editor in 0.46 ms, found 1 plugins.
Preloading 0 native plugins for Editor in 0.00 ms.
Invoked RoslynAnalysisRunner static constructor.
RoslynAnalysisRunner will not be running.
RoslynAnalysisRunner has terminated.
Mono: successfully reloaded assembly
- Completed reload, in  1.006 seconds
Platform modules already initialized, skipping
Refreshing native plugins compatible for Editor in 0.46 ms, found 1 plugins.
Preloading 0 native plugins for Editor in 0.00 ms.
Unloading 2088 Unused Serialized files (Serialized files now loaded: 0)
System memory in use before: 97.9 MB.
System memory in use after: 98.0 MB.

Unloading 9 unused Assets to reduce memory usage. Loaded Objects now: 2579.
Total: 2.270800 ms (FindLiveObjects: 0.265900 ms CreateObjectMapping: 0.052200 ms MarkObjects: 1.932200 ms  DeleteObjects: 0.019400 ms)

========================================================================
Received Prepare
Refreshing native plugins compatible for Editor in 2.35 ms, found 1 plugins.
Preloading 0 native plugins for Editor in 0.00 ms.
Unloading 6 Unused Serialized files (Serialized files now loaded: 0)
System memory in use before: 56.6 MB.
System memory in use after: 56.8 MB.

Unloading 6 unused Assets to reduce memory usage. Loaded Objects now: 2579.
Total: 2.734400 ms (FindLiveObjects: 0.359300 ms CreateObjectMapping: 0.061200 ms MarkObjects: 2.290300 ms  DeleteObjects: 0.022200 ms)

AssetImportWorkerClient::OnTransportError - code=2 error=End of file
